Plugin v0.0.1 running on KiCad 9.0.0 and Python 3.11.5 (main, Jan 27 2025, 07:08:36) [MSC v.1942 64 bit (AMD64)] on win32.
Imported D:\Dustin\Project_LightOrchestrated\Electronics\LightTouch_10x10\LightTouch_1x1.kicad_pcb, with 4 footprints, 24 tracks, and 0 drawings.

├─ /SinglePixel3/ (+ PCB D:\Dustin\Project_LightOrchestrated\Electronics\LightTouch_10x10\LightTouch_1x1.kicad_pcb)
├─ /SinglePixel1/ (+ PCB D:\Dustin\Project_LightOrchestrated\Electronics\LightTouch_10x10\LightTouch_1x1.kicad_pcb)
├─ /SinglePixel48/ (+ PCB D:\Dustin\Project_LightOrchestrated\Electronics\LightTouch_10x10\LightTouch_1x1.kicad_pcb)
├─ /SinglePixel18/ (+ PCB D:\Dustin\Project_LightOrchestrated\Electronics\LightTouch_10x10\LightTouch_1x1.kicad_pcb)
├─ /SinglePixel77/ (+ PCB D:\Dustin\Project_LightOrchestrated\Electronics\LightTouch_10x10\LightTouch_1x1.kicad_pcb)
├─ /SinglePixel70/ (+ PCB D:\Dustin\Project_LightOrchestrated\Electronics\LightTouch_10x10\LightTouch_1x1.kicad_pcb)
├─ /SinglePixel74/ (+ PCB D:\Dustin\Project_LightOrchestrated\Electronics\LightTouch_10x10\LightTouch_1x1.kicad_pcb)
├─ /SinglePixel4/ (+ PCB D:\Dustin\Project_LightOrchestrated\Electronics\LightTouch_10x10\LightTouch_1x1.kicad_pcb)
├─ /SinglePixel40/ (+ PCB D:\Dustin\Project_LightOrchestrated\Electronics\LightTouch_10x10\LightTouch_1x1.kicad_pcb)
├─ /SinglePixel49/ (+ PCB D:\Dustin\Project_LightOrchestrated\Electronics\LightTouch_10x10\LightTouch_1x1.kicad_pcb)
├─ /SinglePixel90/ (+ PCB D:\Dustin\Project_LightOrchestrated\Electronics\LightTouch_10x10\LightTouch_1x1.kicad_pcb)
├─ /SinglePixel30/ (+ PCB D:\Dustin\Project_LightOrchestrated\Electronics\LightTouch_10x10\LightTouch_1x1.kicad_pcb)
├─ /SinglePixel54/ (+ PCB D:\Dustin\Project_LightOrchestrated\Electronics\LightTouch_10x10\LightTouch_1x1.kicad_pcb)
├─ /SinglePixel79/ (+ PCB D:\Dustin\Project_LightOrchestrated\Electronics\LightTouch_10x10\LightTouch_1x1.kicad_pcb)
├─ /SinglePixel78/ (+ PCB D:\Dustin\Project_LightOrchestrated\Electronics\LightTouch_10x10\LightTouch_1x1.kicad_pcb)
├─ /SinglePixel55/ (+ PCB D:\Dustin\Project_LightOrchestrated\Electronics\LightTouch_10x10\LightTouch_1x1.kicad_pcb)
├─ /SinglePixel8/ (+ PCB D:\Dustin\Project_LightOrchestrated\Electronics\LightTouch_10x10\LightTouch_1x1.kicad_pcb)
├─ /SinglePixel25/ (+ PCB D:\Dustin\Project_LightOrchestrated\Electronics\LightTouch_10x10\LightTouch_1x1.kicad_pcb)
├─ /SinglePixel99/ (+ PCB D:\Dustin\Project_LightOrchestrated\Electronics\LightTouch_10x10\LightTouch_1x1.kicad_pcb)
├─ /SinglePixel83/ (+ PCB D:\Dustin\Project_LightOrchestrated\Electronics\LightTouch_10x10\LightTouch_1x1.kicad_pcb)
├─ /SinglePixel93/ (+ PCB D:\Dustin\Project_LightOrchestrated\Electronics\LightTouch_10x10\LightTouch_1x1.kicad_pcb)
├─ /SinglePixel50/ (+ PCB D:\Dustin\Project_LightOrchestrated\Electronics\LightTouch_10x10\LightTouch_1x1.kicad_pcb)
├─ /SinglePixel53/ (+ PCB D:\Dustin\Project_LightOrchestrated\Electronics\LightTouch_10x10\LightTouch_1x1.kicad_pcb)
├─ /SinglePixel27/ (+ PCB D:\Dustin\Project_LightOrchestrated\Electronics\LightTouch_10x10\LightTouch_1x1.kicad_pcb)
├─ /SinglePixel58/ (+ PCB D:\Dustin\Project_LightOrchestrated\Electronics\LightTouch_10x10\LightTouch_1x1.kicad_pcb)
├─ /SinglePixel80/ (+ PCB D:\Dustin\Project_LightOrchestrated\Electronics\LightTouch_10x10\LightTouch_1x1.kicad_pcb)
├─ /SinglePixel46/ (+ PCB D:\Dustin\Project_LightOrchestrated\Electronics\LightTouch_10x10\LightTouch_1x1.kicad_pcb)
├─ /SinglePixel38/ (+ PCB D:\Dustin\Project_LightOrchestrated\Electronics\LightTouch_10x10\LightTouch_1x1.kicad_pcb)
├─ /SinglePixel63/ (+ PCB D:\Dustin\Project_LightOrchestrated\Electronics\LightTouch_10x10\LightTouch_1x1.kicad_pcb)
├─ /SinglePixel72/ (+ PCB D:\Dustin\Project_LightOrchestrated\Electronics\LightTouch_10x10\LightTouch_1x1.kicad_pcb)
├─ /SinglePixel15/ (+ PCB D:\Dustin\Project_LightOrchestrated\Electronics\LightTouch_10x10\LightTouch_1x1.kicad_pcb)
├─ /SinglePixel5/ (+ PCB D:\Dustin\Project_LightOrchestrated\Electronics\LightTouch_10x10\LightTouch_1x1.kicad_pcb)
├─ /SinglePixel14/ (+ PCB D:\Dustin\Project_LightOrchestrated\Electronics\LightTouch_10x10\LightTouch_1x1.kicad_pcb)
├─ /SinglePixel88/ (+ PCB D:\Dustin\Project_LightOrchestrated\Electronics\LightTouch_10x10\LightTouch_1x1.kicad_pcb)
├─ /SinglePixel11/ (+ PCB D:\Dustin\Project_LightOrchestrated\Electronics\LightTouch_10x10\LightTouch_1x1.kicad_pcb)
├─ /SinglePixel31/ (+ PCB D:\Dustin\Project_LightOrchestrated\Electronics\LightTouch_10x10\LightTouch_1x1.kicad_pcb)
├─ /SinglePixel95/ (+ PCB D:\Dustin\Project_LightOrchestrated\Electronics\LightTouch_10x10\LightTouch_1x1.kicad_pcb)
├─ /SinglePixel33/ (+ PCB D:\Dustin\Project_LightOrchestrated\Electronics\LightTouch_10x10\LightTouch_1x1.kicad_pcb)
├─ /SinglePixel10/ (+ PCB D:\Dustin\Project_LightOrchestrated\Electronics\LightTouch_10x10\LightTouch_1x1.kicad_pcb)
├─ /SinglePixel32/ (+ PCB D:\Dustin\Project_LightOrchestrated\Electronics\LightTouch_10x10\LightTouch_1x1.kicad_pcb)
├─ /SinglePixel51/ (+ PCB D:\Dustin\Project_LightOrchestrated\Electronics\LightTouch_10x10\LightTouch_1x1.kicad_pcb)
├─ /SinglePixel64/ (+ PCB D:\Dustin\Project_LightOrchestrated\Electronics\LightTouch_10x10\LightTouch_1x1.kicad_pcb)
├─ /SinglePixel37/ (+ PCB D:\Dustin\Project_LightOrchestrated\Electronics\LightTouch_10x10\LightTouch_1x1.kicad_pcb)
├─ /SinglePixel21/ (+ PCB D:\Dustin\Project_LightOrchestrated\Electronics\LightTouch_10x10\LightTouch_1x1.kicad_pcb)
├─ /SinglePixel20/ (+ PCB D:\Dustin\Project_LightOrchestrated\Electronics\LightTouch_10x10\LightTouch_1x1.kicad_pcb)
├─ /SinglePixel28/ (+ PCB D:\Dustin\Project_LightOrchestrated\Electronics\LightTouch_10x10\LightTouch_1x1.kicad_pcb)
├─ /SinglePixel69/ (+ PCB D:\Dustin\Project_LightOrchestrated\Electronics\LightTouch_10x10\LightTouch_1x1.kicad_pcb)
├─ /SinglePixel43/ (+ PCB D:\Dustin\Project_LightOrchestrated\Electronics\LightTouch_10x10\LightTouch_1x1.kicad_pcb)
├─ /SinglePixel34/ (+ PCB D:\Dustin\Project_LightOrchestrated\Electronics\LightTouch_10x10\LightTouch_1x1.kicad_pcb)
├─ /SinglePixel65/ (+ PCB D:\Dustin\Project_LightOrchestrated\Electronics\LightTouch_10x10\LightTouch_1x1.kicad_pcb)
├─ /SinglePixel52/ (+ PCB D:\Dustin\Project_LightOrchestrated\Electronics\LightTouch_10x10\LightTouch_1x1.kicad_pcb)
├─ /SinglePixel7/ (+ PCB D:\Dustin\Project_LightOrchestrated\Electronics\LightTouch_10x10\LightTouch_1x1.kicad_pcb)
├─ /SinglePixel23/ (+ PCB D:\Dustin\Project_LightOrchestrated\Electronics\LightTouch_10x10\LightTouch_1x1.kicad_pcb)
├─ /SinglePixel87/ (+ PCB D:\Dustin\Project_LightOrchestrated\Electronics\LightTouch_10x10\LightTouch_1x1.kicad_pcb)
├─ /SinglePixel61/ (+ PCB D:\Dustin\Project_LightOrchestrated\Electronics\LightTouch_10x10\LightTouch_1x1.kicad_pcb)
├─ /SinglePixel62/ (+ PCB D:\Dustin\Project_LightOrchestrated\Electronics\LightTouch_10x10\LightTouch_1x1.kicad_pcb)
├─ /SinglePixel66/ (+ PCB D:\Dustin\Project_LightOrchestrated\Electronics\LightTouch_10x10\LightTouch_1x1.kicad_pcb)
├─ /SinglePixel13/ (+ PCB D:\Dustin\Project_LightOrchestrated\Electronics\LightTouch_10x10\LightTouch_1x1.kicad_pcb)
├─ /SinglePixel81/ (+ PCB D:\Dustin\Project_LightOrchestrated\Electronics\LightTouch_10x10\LightTouch_1x1.kicad_pcb)
├─ /SinglePixel9/ (+ PCB D:\Dustin\Project_LightOrchestrated\Electronics\LightTouch_10x10\LightTouch_1x1.kicad_pcb)
├─ /SinglePixel12/ (+ PCB D:\Dustin\Project_LightOrchestrated\Electronics\LightTouch_10x10\LightTouch_1x1.kicad_pcb)
├─ /SinglePixel36/ (+ PCB D:\Dustin\Project_LightOrchestrated\Electronics\LightTouch_10x10\LightTouch_1x1.kicad_pcb)
├─ /SinglePixel73/ (+ PCB D:\Dustin\Project_LightOrchestrated\Electronics\LightTouch_10x10\LightTouch_1x1.kicad_pcb)
├─ /SinglePixel94/ (+ PCB D:\Dustin\Project_LightOrchestrated\Electronics\LightTouch_10x10\LightTouch_1x1.kicad_pcb)
├─ /SinglePixel47/ (+ PCB D:\Dustin\Project_LightOrchestrated\Electronics\LightTouch_10x10\LightTouch_1x1.kicad_pcb)
├─ /SinglePixel97/ (+ PCB D:\Dustin\Project_LightOrchestrated\Electronics\LightTouch_10x10\LightTouch_1x1.kicad_pcb)
├─ /SinglePixel92/ (+ PCB D:\Dustin\Project_LightOrchestrated\Electronics\LightTouch_10x10\LightTouch_1x1.kicad_pcb)
├─ /SinglePixel45/ (+ PCB D:\Dustin\Project_LightOrchestrated\Electronics\LightTouch_10x10\LightTouch_1x1.kicad_pcb)
├─ /SinglePixel41/ (+ PCB D:\Dustin\Project_LightOrchestrated\Electronics\LightTouch_10x10\LightTouch_1x1.kicad_pcb)
├─ /SinglePixel19/ (+ PCB D:\Dustin\Project_LightOrchestrated\Electronics\LightTouch_10x10\LightTouch_1x1.kicad_pcb)
├─ /SinglePixel68/ (+ PCB D:\Dustin\Project_LightOrchestrated\Electronics\LightTouch_10x10\LightTouch_1x1.kicad_pcb)
├─ /SinglePixel26/ (+ PCB D:\Dustin\Project_LightOrchestrated\Electronics\LightTouch_10x10\LightTouch_1x1.kicad_pcb)
├─ /SinglePixel2/ (+ PCB D:\Dustin\Project_LightOrchestrated\Electronics\LightTouch_10x10\LightTouch_1x1.kicad_pcb)
├─ /SinglePixel39/ (+ PCB D:\Dustin\Project_LightOrchestrated\Electronics\LightTouch_10x10\LightTouch_1x1.kicad_pcb)
├─ /SinglePixel67/ (+ PCB D:\Dustin\Project_LightOrchestrated\Electronics\LightTouch_10x10\LightTouch_1x1.kicad_pcb)
├─ /SinglePixel59/ (+ PCB D:\Dustin\Project_LightOrchestrated\Electronics\LightTouch_10x10\LightTouch_1x1.kicad_pcb)
├─ /SinglePixel42/ (+ PCB D:\Dustin\Project_LightOrchestrated\Electronics\LightTouch_10x10\LightTouch_1x1.kicad_pcb)
├─ /SinglePixel60/ (+ PCB D:\Dustin\Project_LightOrchestrated\Electronics\LightTouch_10x10\LightTouch_1x1.kicad_pcb)
├─ /SinglePixel89/ (+ PCB D:\Dustin\Project_LightOrchestrated\Electronics\LightTouch_10x10\LightTouch_1x1.kicad_pcb)
├─ /SinglePixel96/ (+ PCB D:\Dustin\Project_LightOrchestrated\Electronics\LightTouch_10x10\LightTouch_1x1.kicad_pcb)
├─ /SinglePixel17/ (+ PCB D:\Dustin\Project_LightOrchestrated\Electronics\LightTouch_10x10\LightTouch_1x1.kicad_pcb)
├─ /SinglePixel91/ (+ PCB D:\Dustin\Project_LightOrchestrated\Electronics\LightTouch_10x10\LightTouch_1x1.kicad_pcb)
├─ /SinglePixel76/ (+ PCB D:\Dustin\Project_LightOrchestrated\Electronics\LightTouch_10x10\LightTouch_1x1.kicad_pcb)
├─ /SinglePixel57/ (+ PCB D:\Dustin\Project_LightOrchestrated\Electronics\LightTouch_10x10\LightTouch_1x1.kicad_pcb)
├─ /SinglePixel98/ (+ PCB D:\Dustin\Project_LightOrchestrated\Electronics\LightTouch_10x10\LightTouch_1x1.kicad_pcb)
├─ /SinglePixel22/ (+ PCB D:\Dustin\Project_LightOrchestrated\Electronics\LightTouch_10x10\LightTouch_1x1.kicad_pcb)
├─ /SinglePixel84/ (+ PCB D:\Dustin\Project_LightOrchestrated\Electronics\LightTouch_10x10\LightTouch_1x1.kicad_pcb)
├─ /SinglePixel100/ (+ PCB D:\Dustin\Project_LightOrchestrated\Electronics\LightTouch_10x10\LightTouch_1x1.kicad_pcb)
├─ /SinglePixel6/ (+ PCB D:\Dustin\Project_LightOrchestrated\Electronics\LightTouch_10x10\LightTouch_1x1.kicad_pcb)
├─ /SinglePixel35/ (+ PCB D:\Dustin\Project_LightOrchestrated\Electronics\LightTouch_10x10\LightTouch_1x1.kicad_pcb)
├─ /SinglePixel85/ (+ PCB D:\Dustin\Project_LightOrchestrated\Electronics\LightTouch_10x10\LightTouch_1x1.kicad_pcb)
├─ /SinglePixel29/ (+ PCB D:\Dustin\Project_LightOrchestrated\Electronics\LightTouch_10x10\LightTouch_1x1.kicad_pcb)
├─ /SinglePixel82/ (+ PCB D:\Dustin\Project_LightOrchestrated\Electronics\LightTouch_10x10\LightTouch_1x1.kicad_pcb)
├─ /SinglePixel71/ (+ PCB D:\Dustin\Project_LightOrchestrated\Electronics\LightTouch_10x10\LightTouch_1x1.kicad_pcb)
├─ /SinglePixel16/ (+ PCB D:\Dustin\Project_LightOrchestrated\Electronics\LightTouch_10x10\LightTouch_1x1.kicad_pcb)
├─ /SinglePixel56/ (+ PCB D:\Dustin\Project_LightOrchestrated\Electronics\LightTouch_10x10\LightTouch_1x1.kicad_pcb)
├─ /SinglePixel24/ (+ PCB D:\Dustin\Project_LightOrchestrated\Electronics\LightTouch_10x10\LightTouch_1x1.kicad_pcb)
├─ /SinglePixel75/ (+ PCB D:\Dustin\Project_LightOrchestrated\Electronics\LightTouch_10x10\LightTouch_1x1.kicad_pcb)
├─ /SinglePixel44/ (+ PCB D:\Dustin\Project_LightOrchestrated\Electronics\LightTouch_10x10\LightTouch_1x1.kicad_pcb)
├─ /SinglePixel86/ (+ PCB D:\Dustin\Project_LightOrchestrated\Electronics\LightTouch_10x10\LightTouch_1x1.kicad_pcb)
PCB D:\Dustin\Project_LightOrchestrated\Electronics\LightTouch_10x10\LightTouch_1x1.kicad_pcb
  /01e0514c/c03ea353: Q1
  /01e0514c/6bcd74bc: Q2
  /01e0514c/54d0817e: R1
  /01e0514c/08a80ecd: L1
ERR.2	anchor not found on target
 Message: Expected path /0fd09134-ad28-4577-a934-8a2597f9c248/01e0514c-4452-4cd0-9070-af0c052bffe2/54d0817e-1fc0-4a8e-bb5d-0942b957b7b8
 SubPCB: D:\Dustin\Project_LightOrchestrated\Electronics\LightTouch_10x10\LightTouch_1x1.kicad_pcb
ERR.2	anchor not found on target
 Message: Expected path /120dc59c-9476-4203-8509-1854070490b2/01e0514c-4452-4cd0-9070-af0c052bffe2/54d0817e-1fc0-4a8e-bb5d-0942b957b7b8
 SubPCB: D:\Dustin\Project_LightOrchestrated\Electronics\LightTouch_10x10\LightTouch_1x1.kicad_pcb
ERR.2	anchor not found on target
 Message: Expected path /13436358-a310-4606-a696-37d76876fdf6/01e0514c-4452-4cd0-9070-af0c052bffe2/54d0817e-1fc0-4a8e-bb5d-0942b957b7b8
 SubPCB: D:\Dustin\Project_LightOrchestrated\Electronics\LightTouch_10x10\LightTouch_1x1.kicad_pcb
ERR.2	anchor not found on target
 Message: Expected path /16034fb1-7b00-445e-825b-36424a2a6884/01e0514c-4452-4cd0-9070-af0c052bffe2/54d0817e-1fc0-4a8e-bb5d-0942b957b7b8
 SubPCB: D:\Dustin\Project_LightOrchestrated\Electronics\LightTouch_10x10\LightTouch_1x1.kicad_pcb
ERR.2	anchor not found on target
 Message: Expected path /165e0137-6dec-427d-a42e-b393d61e2f8d/01e0514c-4452-4cd0-9070-af0c052bffe2/54d0817e-1fc0-4a8e-bb5d-0942b957b7b8
 SubPCB: D:\Dustin\Project_LightOrchestrated\Electronics\LightTouch_10x10\LightTouch_1x1.kicad_pcb
ERR.2	anchor not found on target
 Message: Expected path /195af5a5-2215-434d-8072-43aa27a27fa5/01e0514c-4452-4cd0-9070-af0c052bffe2/54d0817e-1fc0-4a8e-bb5d-0942b957b7b8
 SubPCB: D:\Dustin\Project_LightOrchestrated\Electronics\LightTouch_10x10\LightTouch_1x1.kicad_pcb
ERR.2	anchor not found on target
 Message: Expected path /f0d93349-cc10-4ce0-aa82-116678bea24e/01e0514c-4452-4cd0-9070-af0c052bffe2/54d0817e-1fc0-4a8e-bb5d-0942b957b7b8
 SubPCB: D:\Dustin\Project_LightOrchestrated\Electronics\LightTouch_10x10\LightTouch_1x1.kicad_pcb
Saved.
